   27  pwd
   28  ls /vagrant
   29  cd server_lesson
   30  pwd
   31  git init
   32  git status
   33  git branch
   34  touch first.txt
   35  pwd
   36  ls server_lesson
   37  ls  /vagrant
   38  git status
   39  cd /vagrant
   40  pwd
   41  mkdir -p server_lesson/linux_practice/public
   42  ls server_lesson server_lesson/linux_practice
   43  git status
   44  pwd
   45  cd /vagrant
   46  pwd
   47  touch server_lesson/linux_practice/public/index.php
   48  ls server_lesson/linux_practice/public
   49  ls server_lesson server_lesson/linux_practice
   50  cd /vagrant/server_lesson && ls
   51  cd /vagrant/server_lesson/linux_practice/public
   52  pwd
   53  cp index.php index_bk.php
   54  ls server_lesson/linux_practice/public
   55  ls
   56  cd /vagrant/server_lesson/linux_practice
   57  pwd
   58  cp -r public tmp
   59  ls ./ public tmp
   60  cd /vagrant
   61  pwd
   62  mv server_lesson/linux_practice server_lesson/linux_practice1
   63  ls
   64  ls server_lesson
   65  mkdir linux_practice2 linux_practice3
   66  ls
   67  mv ./linux_practice2 ./server_lesson
   68  ls
   69  ls server_lesson
   70  cd /vagrant/server_lesson/linux_practice1/tmp/
   71  pwd
   72  rm *_bk.php
   73  ls ./ public tmp
   74  ls linux_practice1
   75  ls /vagrant
   76  ls server_lesson
   77  ls /server_lesson
   78  cd /vagrant
   79  pwd
   80  rm server_lesson/first.txt
   81  rm -r linux_practice3
   82  ls server_lesson
   83  cd /vagrant/server_lesson
   84  pwd
   85  echo '# サーバレッスン' > README.md
   86  echo 'Linuxプラクティス' >> README.md
   87  echo '-----------------' >> README.md
   88  cat README.md
   89  cd /vagrant/server_lesson
   90  pwd
   91  vi README.md
   92  cat README.md
   93  vi README.md
   94  cat README.md
   95  vi README.md
   96  cat README.md
   97  ls
   98  cd /vagrant/server_lesson
   99  pwd
  100  ls
  101  cd /vagrant/server_lesson/linux_practice2
  102  ls
  103  cd /vagrant/server_lesson/linux_practice1
  104  ls
  105  cd /vagrant/server_lesson/linux_practice1/public
  106  ls
  107  cd /vagrant/server_lesson/linux_practice1/tmp
  108  ls
  109  git init
  110  cd /vagrant
  111  pwd
  112  git init
  113  git status
  114  git add .
  115  git status
  116  git commit -m 'Linux lesson1 first commit'
  117  git status
  118  git log
  119  git remote add origin コ?https://github.com/koruty/server_lesson.git
  120  git remote -v
  121  git push origin master
  122  cat README.md
  123  cd /vagrant/server_lesson
  124  ls
  125  vi README.md
  126  git git config --edit
  127  git config --edit
  128  git config local
  129  chcp
  130  git remote add origin https://github.com/koruty/server_lesson.git
  131  git remote -v
  132  git push origin master
  133  git commit -m 'first commit'
  134  git push origin master
  135  git branch
  136  git status
  137  git add README.md
  138  git status
  139  git add linux_practice1/
  140  git status
  141  git commit -m 'first commit'
  142  git push origin master
  143  ls
  144  git add linux_practice2
  145  git status
  146  git commit -m 'add linux_practice2'
  147  git push origin master
  148  ls
  149  pwd
  150  cd linux_practice2
  151  ls
  152  git status --ignored
  153  git log
  154  cd /vagrant
  155  ls
  156  git add /vagrant/server_lesson/linux_practice2
  157  git status
  158  git log --oneline
  159  ls -a
  160  git status --ignored
  161  git check-ignore
  162  git check-ignore *
  163  git status
  164  cd server_lesson
  165  ls
  166  git log --oneline
  167  git status --ignored
  168  git status --ignored --untracked-files=all
  169  cd  /vagrant/server_lesson/linux_practice2
  170  pwd
  171  touch Test.txt
  172  ls
  173  git status
  174  git add /vagrant/server_lesson/linux_practice2
  175  git status
  176  git commit -m 'Making test.txt for managing linux_practice2 directory'
  177  git push origin master
  178  ls
  179  rm Test.txt
  180  ls
  181  git status
  182  cd /vagrant
  183  pwd
  184  ls
  185  cd server_lesson
  186  pwd
  187  ls
  188  mkdir server_lesson/linux_practice2/documents
  189  mkdir linux_practice2/documents
  190  ls
  191  cd linux_practice2
  192  ls
  193  touch documents/gizumo{01..50}.md
  194  ls
  195  cd documents
  196  ls
  197  git status
  198  git add .
  199  git status
  200  git commit -m 'To delete Test.txt and add gizumo.md'
  201  git push origin master
  202  git status
  203  git add ../Test.txt
  204  git status
  205  git add . -u
  206  git status
  207  git add -A ../Test.txt
  208  git status
  209  git commit -m 'To remove Test.txt'
  210  git push origin master
  211  git status
  212  cd linux_practice2
  213  cd /vagrant
  214  ls
  215  cd server_lesson
  216  ls
  217  cd linux_practice2
  218  ls
  219  cd server_lesson
  220  cd /vagrant/server_lesson
  221  ls
  222  mkdir linux_practice2/trash
  223  cd linux_practice2
  224  ls
  225  cd documents
  226  ls
  227  git mv gizumo{20..40}.md /vagrant/server_lesson/linux_practice2/trash
  228  ls
  229  cd /vagrant/server_lesson/linux_practice2/trash
  230  ls
  231  git add .
  232  git status
  233  git commit -m 'To remove gizumo20.md~gizumo40.md from /vagrant/server_lesson/linux_practice2/documents'
  234  git push origin master
  235  cd /vagrant/server_lesson/linux_practice2
  236  ls
  237  touch .gitignore
  238  ls
  239  ls -a
  240  git status
  241  git add .
  242  git status
  243  git commit -m 'To make a new file: .gitignore'
  244  git push origin master
  245  vi .gitignore
  246  git status
  247  cd /vagrant/server_lesson/linux_practice2/trash
  248  ls
  249  vi .gitignore
  250  ls
  251   vi .gitignore
  252  git status
  253  git rm -r --cached /vagrant/server_lesson/linux_practice2/trash/gizumo{20..29}.md
  254  git status
  255  ls
  256  git add .
  257  git status
  258  git add ../.gitignore
  259  git status
  260  git commit -m 'to ignore gizumo20.md~gizumo29.md'
  261  git push origin master
  262  git log
  263  git reset --hard 45bd1f245f6910ae0ee0ecd911bdded95b12e11a
  264  git status
  265  ls
  266  git log
  267  git revert 45bd1f245f6910ae0ee0ecd911bdded95b12e11a
  268  git push
  269  git history 300
  270  history 300
  271  git rm gizumo{20..29}.md
  272  ls
  273  git status
  274  git add .
  275  git status
  276  git commit -m 'delete gizumo20~29.md files to reset remote repository'
  277  git push origin master
  278  vi .gitignore
  279   git status
  280  touch gizumo{20..29}.md
  281  ls
  282  git status
  283  cd /vagrant/server_lesson
  284  ls
  285  cd linux_practice2
  286  ls
  287  ls -a
  288  vi .gitignore
  289  ls
  290  cd trash
  291  ls
  292  vi .gitignore
  293  cd /vagrant/server_lesson/linux_practice2
  294  ls -a
  295  vi .gitignore
  296  cd trash
  297  ls
  298  cd /vagrant/server_lesson/linux_practice2
  299  ls -a
  300  vi .gitignore
  301  cd trash
  302  ls
  303  git starus
  304  git status
  305  /vagrant/server_lesson/linux_practice2
  306  cd /vagrant/server_lesson/linux_practice2
  307  cat .gitignore
  308  git check-ignore gizumo20.md
  309  git check-ignore gizumo20.md gizumo21.md
  310  git status --ignored
  311  vi .gitignored
  312  ls -a
  313  vi .gitignore
  314  git status --ignored
  315  cd trash
  316  ls
  317  cd /vagrant/server_lesson/linux_practice2
  318  ls
  319  vi .gitignore
  320  git status --ignored
  321  vi .gitignore
  322  git status --ignored
  323  ls
  324  history300
  325  history? 300
  326  history 300
